{"target": 0.8550000000000001, "params": {"min_samples_split": 45.2082578917407, "n_estimators": 81.41065466804139}, "datetime": {"datetime": "2020-10-31 19:28:34", "elapsed": 0.0, "delta": 0.0}}
{"target": 0.8630000000000001, "params": {"min_samples_split": 33.49243108681627, "n_estimators": 655.9412665708313}, "datetime": {"datetime": "2020-10-31 19:28:37", "elapsed": 3.374504, "delta": 3.374504}}
{"target": 0.876, "params": {"min_samples_split": 17.05439613585247, "n_estimators": 404.8666619756297}, "datetime": {"datetime": "2020-10-31 19:28:39", "elapsed": 5.496036, "delta": 2.121532}}
{"target": 0.8779999999999999, "params": {"min_samples_split": 8.947106596857592, "n_estimators": 766.9821560278193}, "datetime": {"datetime": "2020-10-31 19:28:43", "elapsed": 8.978753, "delta": 3.482717}}
{"target": 0.859, "params": {"min_samples_split": 43.95186337899259, "n_estimators": 376.1422990525838}, "datetime": {"datetime": "2020-10-31 19:28:44", "elapsed": 10.489002, "delta": 1.510249}}
{"target": 0.876, "params": {"min_samples_split": 2.0, "n_estimators": 894.4241492047829}, "datetime": {"datetime": "2020-10-31 19:28:48", "elapsed": 14.479654, "delta": 3.990652}}
{"target": 0.8789999999999999, "params": {"min_samples_split": 2.3026554655836673, "n_estimators": 547.3729334014872}, "datetime": {"datetime": "2020-10-31 19:28:51", "elapsed": 17.359226, "delta": 2.879572}}
{"target": 0.883, "params": {"min_samples_split": 2.7404635031970486, "n_estimators": 170.38204061054532}, "datetime": {"datetime": "2020-10-31 19:28:52", "elapsed": 18.378199, "delta": 1.018973}}
{"target": 0.867, "params": {"min_samples_split": 25.592469032000547, "n_estimators": 718.1517382622046}, "datetime": {"datetime": "2020-10-31 19:28:57", "elapsed": 22.635414, "delta": 4.257215}}
{"target": 0.875, "params": {"min_samples_split": 2.0, "n_estimators": 503.47208040619535}, "datetime": {"datetime": "2020-10-31 19:28:59", "elapsed": 25.398514, "delta": 2.7631}}
{"target": 0.881, "params": {"min_samples_split": 2.0593287006573835, "n_estimators": 361.85773353355995}, "datetime": {"datetime": "2020-10-31 19:29:01", "elapsed": 27.417147, "delta": 2.018633}}
{"target": 0.882, "params": {"min_samples_split": 2.0, "n_estimators": 270.9719761519077}, "datetime": {"datetime": "2020-10-31 19:29:03", "elapsed": 29.007202, "delta": 1.590055}}
{"target": 0.884, "params": {"min_samples_split": 2.2711865928312296, "n_estimators": 656.2193529371517}, "datetime": {"datetime": "2020-10-31 19:29:06", "elapsed": 32.260257, "delta": 3.253055}}
{"target": 0.868, "params": {"min_samples_split": 21.306806759403912, "n_estimators": 528.1921161797876}, "datetime": {"datetime": "2020-10-31 19:29:09", "elapsed": 35.059595, "delta": 2.799338}}
{"target": 0.869, "params": {"min_samples_split": 2.0089192438443604, "n_estimators": 186.14884051105412}, "datetime": {"datetime": "2020-10-31 19:29:10", "elapsed": 36.078332, "delta": 1.018737}}
