{"target": 0.867, "params": {"min_samples_split": 17.245090554966815, "n_estimators": 123.71555397439082}, "datetime": {"datetime": "2020-10-31 19:30:42", "elapsed": 0.0, "delta": 0.0}}
{"target": 0.8640000000000001, "params": {"min_samples_split": 25.72388417886529, "n_estimators": 46.70075048632046}, "datetime": {"datetime": "2020-10-31 19:30:42", "elapsed": 0.418457, "delta": 0.418457}}
{"target": 0.853, "params": {"min_samples_split": 41.98200714497519, "n_estimators": 54.94845152310848}, "datetime": {"datetime": "2020-10-31 19:30:42", "elapsed": 0.827579, "delta": 0.409122}}
{"target": 0.8649999999999999, "params": {"min_samples_split": 29.31508227133023, "n_estimators": 909.7359865645279}, "datetime": {"datetime": "2020-10-31 19:30:47", "elapsed": 5.95291, "delta": 5.125331}}
{"target": 0.86, "params": {"min_samples_split": 41.458837062444374, "n_estimators": 805.1679063382267}, "datetime": {"datetime": "2020-10-31 19:30:51", "elapsed": 9.908696, "delta": 3.955786}}
{"target": 0.877, "params": {"min_samples_split": 2.1417276882373013, "n_estimators": 320.71834495358127}, "datetime": {"datetime": "2020-10-31 19:30:54", "elapsed": 12.035072, "delta": 2.126376}}
{"target": 0.877, "params": {"min_samples_split": 14.703017623809602, "n_estimators": 277.807250072502}, "datetime": {"datetime": "2020-10-31 19:30:55", "elapsed": 13.883595, "delta": 1.848523}}
{"target": 0.881, "params": {"min_samples_split": 2.0, "n_estimators": 643.1787169207029}, "datetime": {"datetime": "2020-10-31 19:30:59", "elapsed": 17.933362, "delta": 4.049767}}
{"target": 0.881, "params": {"min_samples_split": 2.2528005463821277, "n_estimators": 729.727873165534}, "datetime": {"datetime": "2020-10-31 19:31:04", "elapsed": 22.460395, "delta": 4.527033}}
{"target": 0.8789999999999999, "params": {"min_samples_split": 13.974093299187247, "n_estimators": 368.6458198028225}, "datetime": {"datetime": "2020-10-31 19:31:06", "elapsed": 24.832566, "delta": 2.372171}}
{"target": 0.8760000000000001, "params": {"min_samples_split": 2.841575668887071, "n_estimators": 157.64907784516302}, "datetime": {"datetime": "2020-10-31 19:31:08", "elapsed": 26.025147, "delta": 1.192581}}
{"target": 0.876, "params": {"min_samples_split": 2.2192587034352407, "n_estimators": 984.5697210006441}, "datetime": {"datetime": "2020-10-31 19:31:13", "elapsed": 31.545678, "delta": 5.520531}}
{"target": 0.874, "params": {"min_samples_split": 2.0, "n_estimators": 58.054113992345975}, "datetime": {"datetime": "2020-10-31 19:31:14", "elapsed": 32.185173, "delta": 0.639495}}
{"target": 0.8789999999999999, "params": {"min_samples_split": 2.315716857742986, "n_estimators": 667.5122296914483}, "datetime": {"datetime": "2020-10-31 19:31:18", "elapsed": 36.205427, "delta": 4.020254}}
{"target": 0.877, "params": {"min_samples_split": 2.0461083316289184, "n_estimators": 844.7637589510693}, "datetime": {"datetime": "2020-10-31 19:31:23", "elapsed": 41.048216, "delta": 4.842789}}
