{"target": 0.874, "params": {"min_samples_split": 11.688961844074914, "n_estimators": 607.4828581646026}, "datetime": {"datetime": "2020-10-31 19:24:50", "elapsed": 0.0, "delta": 0.0}}
{"target": 0.861, "params": {"min_samples_split": 41.16762826215622, "n_estimators": 886.9356353796668}, "datetime": {"datetime": "2020-10-31 19:24:56", "elapsed": 5.709557, "delta": 5.709557}}
{"target": 0.877, "params": {"min_samples_split": 8.72366715746744, "n_estimators": 959.9327216517631}, "datetime": {"datetime": "2020-10-31 19:25:02", "elapsed": 11.676, "delta": 5.966443}}
{"target": 0.875, "params": {"min_samples_split": 12.336383718284573, "n_estimators": 632.5691417700249}, "datetime": {"datetime": "2020-10-31 19:25:06", "elapsed": 15.386728, "delta": 3.710728}}
{"target": 0.8739999999999999, "params": {"min_samples_split": 15.939392812075964, "n_estimators": 191.5888192573667}, "datetime": {"datetime": "2020-10-31 19:25:07", "elapsed": 16.600474, "delta": 1.213746}}
{"target": 0.876, "params": {"min_samples_split": 9.630540949640942, "n_estimators": 963.321445246442}, "datetime": {"datetime": "2020-10-31 19:25:13", "elapsed": 22.918622, "delta": 6.318148}}
{"target": 0.877, "params": {"min_samples_split": 3.3806516011881023, "n_estimators": 932.3125165082241}, "datetime": {"datetime": "2020-10-31 19:25:19", "elapsed": 28.870078, "delta": 5.951456}}
{"target": 0.861, "params": {"min_samples_split": 47.222110815241365, "n_estimators": 681.9580340151518}, "datetime": {"datetime": "2020-10-31 19:25:23", "elapsed": 33.084279, "delta": 4.214201}}
{"target": 0.877, "params": {"min_samples_split": 10.998364857385758, "n_estimators": 254.48074299468544}, "datetime": {"datetime": "2020-10-31 19:25:25", "elapsed": 35.035518, "delta": 1.951239}}
{"target": 0.8560000000000001, "params": {"min_samples_split": 48.48685615313251, "n_estimators": 279.93152534397325}, "datetime": {"datetime": "2020-10-31 19:25:27", "elapsed": 36.597861, "delta": 1.562343}}
{"target": 0.875, "params": {"min_samples_split": 2.0, "n_estimators": 226.67778947701063}, "datetime": {"datetime": "2020-10-31 19:25:29", "elapsed": 38.361289, "delta": 1.763428}}
{"target": 0.8719999999999999, "params": {"min_samples_split": 3.5068867009236637, "n_estimators": 135.9954070333195}, "datetime": {"datetime": "2020-10-31 19:25:30", "elapsed": 39.330723, "delta": 0.969434}}
{"target": 0.8549999999999999, "params": {"min_samples_split": 49.76507748848871, "n_estimators": 553.7154632138778}, "datetime": {"datetime": "2020-10-31 19:25:32", "elapsed": 42.078797, "delta": 2.748074}}
{"target": 0.8550000000000001, "params": {"min_samples_split": 49.28115153868906, "n_estimators": 81.0614989909922}, "datetime": {"datetime": "2020-10-31 19:25:33", "elapsed": 42.738315, "delta": 0.659518}}
{"target": 0.8559999999999999, "params": {"min_samples_split": 50.0, "n_estimators": 952.0851487369392}, "datetime": {"datetime": "2020-10-31 19:25:38", "elapsed": 47.715175, "delta": 4.97686}}
