{"target": 0.8630000000000001, "params": {"min_samples_split": 47.509172176878394, "n_estimators": 980.759742575305}, "datetime": {"datetime": "2020-10-31 19:25:44", "elapsed": 0.0, "delta": 0.0}}
{"target": 0.8779999999999999, "params": {"min_samples_split": 7.103873580154163, "n_estimators": 744.2327226374196}, "datetime": {"datetime": "2020-10-31 19:25:47", "elapsed": 2.873202, "delta": 2.873202}}
{"target": 0.8630000000000001, "params": {"min_samples_split": 38.20150547358992, "n_estimators": 897.9779797506656}, "datetime": {"datetime": "2020-10-31 19:25:51", "elapsed": 6.443129, "delta": 3.569927}}
{"target": 0.875, "params": {"min_samples_split": 9.90392821092461, "n_estimators": 679.2408646051708}, "datetime": {"datetime": "2020-10-31 19:25:53", "elapsed": 9.242, "delta": 2.798871}}
{"target": 0.877, "params": {"min_samples_split": 5.896140165994089, "n_estimators": 340.6378044580951}, "datetime": {"datetime": "2020-10-31 19:25:55", "elapsed": 10.774451, "delta": 1.532451}}
{"target": 0.8780000000000001, "params": {"min_samples_split": 5.16962003977031, "n_estimators": 783.3713220188388}, "datetime": {"datetime": "2020-10-31 19:25:58", "elapsed": 13.983935, "delta": 3.209484}}
{"target": 0.858, "params": {"min_samples_split": 44.125176511378974, "n_estimators": 770.3172948660663}, "datetime": {"datetime": "2020-10-31 19:26:01", "elapsed": 17.103493, "delta": 3.119558}}
{"target": 0.883, "params": {"min_samples_split": 2.8528952509786265, "n_estimators": 377.7775649193797}, "datetime": {"datetime": "2020-10-31 19:26:03", "elapsed": 18.96806, "delta": 1.864567}}
{"target": 0.8630000000000001, "params": {"min_samples_split": 35.811779059047204, "n_estimators": 381.4639045823211}, "datetime": {"datetime": "2020-10-31 19:26:05", "elapsed": 20.700293, "delta": 1.732233}}
{"target": 0.8780000000000001, "params": {"min_samples_split": 2.0, "n_estimators": 404.28526533677814}, "datetime": {"datetime": "2020-10-31 19:26:07", "elapsed": 22.667476, "delta": 1.967183}}
{"target": 0.881, "params": {"min_samples_split": 2.0, "n_estimators": 713.3649132504917}, "datetime": {"datetime": "2020-10-31 19:26:10", "elapsed": 25.937603, "delta": 3.270127}}
{"target": 0.8760000000000001, "params": {"min_samples_split": 2.0, "n_estimators": 820.6306159759683}, "datetime": {"datetime": "2020-10-31 19:26:14", "elapsed": 29.553663, "delta": 3.61606}}
{"target": 0.8720000000000001, "params": {"min_samples_split": 2.047839991180121, "n_estimators": 454.8044659625788}, "datetime": {"datetime": "2020-10-31 19:26:16", "elapsed": 31.716599, "delta": 2.162936}}
{"target": 0.817, "params": {"min_samples_split": 3.109660793718252, "n_estimators": 10.187045283724316}, "datetime": {"datetime": "2020-10-31 19:26:16", "elapsed": 31.915244, "delta": 0.198645}}
{"target": 0.861, "params": {"min_samples_split": 50.0, "n_estimators": 156.1947003951645}, "datetime": {"datetime": "2020-10-31 19:26:17", "elapsed": 32.806115, "delta": 0.890871}}
