{"target": 0.859, "params": {"min_samples_split": 39.48124112615768, "n_estimators": 576.1459622470211}, "datetime": {"datetime": "2020-10-31 19:27:44", "elapsed": 0.0, "delta": 0.0}}
{"target": 0.8639999999999999, "params": {"min_samples_split": 35.679902243361035, "n_estimators": 913.7187999552872}, "datetime": {"datetime": "2020-10-31 19:27:52", "elapsed": 8.151842, "delta": 8.151842}}
{"target": 0.8699999999999999, "params": {"min_samples_split": 2.9585967162825018, "n_estimators": 42.482023778288976}, "datetime": {"datetime": "2020-10-31 19:27:52", "elapsed": 8.552025, "delta": 0.400183}}
{"target": 0.877, "params": {"min_samples_split": 16.256653842131264, "n_estimators": 557.5313162453238}, "datetime": {"datetime": "2020-10-31 19:27:56", "elapsed": 12.253702, "delta": 3.701677}}
{"target": 0.8630000000000001, "params": {"min_samples_split": 34.88425038313439, "n_estimators": 53.882949467180424}, "datetime": {"datetime": "2020-10-31 19:27:56", "elapsed": 12.755764, "delta": 0.502062}}
{"target": 0.881, "params": {"min_samples_split": 3.2431192522231314, "n_estimators": 527.8235930019218}, "datetime": {"datetime": "2020-10-31 19:28:01", "elapsed": 17.410617, "delta": 4.654853}}
{"target": 0.873, "params": {"min_samples_split": 18.647158571564916, "n_estimators": 497.3210024468908}, "datetime": {"datetime": "2020-10-31 19:28:05", "elapsed": 21.433704, "delta": 4.023087}}
{"target": 0.873, "params": {"min_samples_split": 2.0, "n_estimators": 74.96040926316161}, "datetime": {"datetime": "2020-10-31 19:28:06", "elapsed": 22.362977, "delta": 0.929273}}
{"target": 0.866, "params": {"min_samples_split": 41.877760359176165, "n_estimators": 222.15423099901082}, "datetime": {"datetime": "2020-10-31 19:28:08", "elapsed": 24.42059, "delta": 2.057613}}
{"target": 0.852, "params": {"min_samples_split": 50.0, "n_estimators": 456.80316311853824}, "datetime": {"datetime": "2020-10-31 19:28:12", "elapsed": 27.977009, "delta": 3.556419}}
{"target": 0.877, "params": {"min_samples_split": 2.0, "n_estimators": 295.2178197355736}, "datetime": {"datetime": "2020-10-31 19:28:14", "elapsed": 30.197447, "delta": 2.220438}}
{"target": 0.877, "params": {"min_samples_split": 2.0, "n_estimators": 574.6455951207478}, "datetime": {"datetime": "2020-10-31 19:28:18", "elapsed": 34.158718, "delta": 3.961271}}
{"target": 0.8779999999999999, "params": {"min_samples_split": 2.0, "n_estimators": 1000.0}, "datetime": {"datetime": "2020-10-31 19:28:24", "elapsed": 40.050772, "delta": 5.892054}}
{"target": 0.877, "params": {"min_samples_split": 2.0, "n_estimators": 861.0100995816471}, "datetime": {"datetime": "2020-10-31 19:28:28", "elapsed": 44.678378, "delta": 4.627606}}
{"target": 0.866, "params": {"min_samples_split": 39.13695793141667, "n_estimators": 829.7050995313058}, "datetime": {"datetime": "2020-10-31 19:28:33", "elapsed": 49.029824, "delta": 4.351446}}
