{"target": 0.874, "params": {"min_samples_split": 9.687642260951478, "n_estimators": 448.9410416858998}, "datetime": {"datetime": "2020-10-31 19:29:48", "elapsed": 0.0, "delta": 0.0}}
{"target": 0.86, "params": {"min_samples_split": 40.48131800115068, "n_estimators": 572.9136495609184}, "datetime": {"datetime": "2020-10-31 19:29:54", "elapsed": 5.805441, "delta": 5.805441}}
{"target": 0.859, "params": {"min_samples_split": 47.87481743521694, "n_estimators": 588.9337136622025}, "datetime": {"datetime": "2020-10-31 19:29:57", "elapsed": 9.482674, "delta": 3.677233}}
{"target": 0.859, "params": {"min_samples_split": 44.710217768526896, "n_estimators": 832.0813674396926}, "datetime": {"datetime": "2020-10-31 19:30:03", "elapsed": 15.230953, "delta": 5.748279}}
{"target": 0.8550000000000001, "params": {"min_samples_split": 43.519224543033054, "n_estimators": 68.17362231971384}, "datetime": {"datetime": "2020-10-31 19:30:04", "elapsed": 15.947147, "delta": 0.716194}}
{"target": 0.8710000000000001, "params": {"min_samples_split": 14.60818433311137, "n_estimators": 161.48946059745126}, "datetime": {"datetime": "2020-10-31 19:30:06", "elapsed": 17.520778, "delta": 1.573631}}
{"target": 0.8700000000000001, "params": {"min_samples_split": 22.047147619279784, "n_estimators": 805.9202343965975}, "datetime": {"datetime": "2020-10-31 19:30:12", "elapsed": 23.638157, "delta": 6.117379}}
{"target": 0.865, "params": {"min_samples_split": 33.75864372607928, "n_estimators": 327.0831370501249}, "datetime": {"datetime": "2020-10-31 19:30:15", "elapsed": 26.600111, "delta": 2.961954}}
{"target": 0.8779999999999999, "params": {"min_samples_split": 15.151414893706026, "n_estimators": 839.740200668162}, "datetime": {"datetime": "2020-10-31 19:30:21", "elapsed": 33.47468, "delta": 6.874569}}
{"target": 0.883, "params": {"min_samples_split": 4.0795480230982335, "n_estimators": 428.3785434319816}, "datetime": {"datetime": "2020-10-31 19:30:25", "elapsed": 36.555913, "delta": 3.081233}}
{"target": 0.868, "params": {"min_samples_split": 27.72549548455906, "n_estimators": 999.7126941719332}, "datetime": {"datetime": "2020-10-31 19:30:30", "elapsed": 42.300107, "delta": 5.744194}}
{"target": 0.8709999999999999, "params": {"min_samples_split": 20.67393731061567, "n_estimators": 424.2418739202125}, "datetime": {"datetime": "2020-10-31 19:30:33", "elapsed": 44.785044, "delta": 2.484937}}
{"target": 0.868, "params": {"min_samples_split": 3.5789035692446944, "n_estimators": 103.87835920016784}, "datetime": {"datetime": "2020-10-31 19:30:34", "elapsed": 45.700748, "delta": 0.915704}}
{"target": 0.876, "params": {"min_samples_split": 2.0262534267214, "n_estimators": 695.4190675335938}, "datetime": {"datetime": "2020-10-31 19:30:38", "elapsed": 50.009427, "delta": 4.308679}}
{"target": 0.8699999999999999, "params": {"min_samples_split": 49.27603184749122, "n_estimators": 193.64800933271323}, "datetime": {"datetime": "2020-10-31 19:30:39", "elapsed": 51.376164, "delta": 1.366737}}
