{"target": 0.016712042230067437, "params": {"gamma": 13.923940624759764, "learning_rate": 0.02360794249414329, "max_depth": 6.023904463160479, "min_child_weight": 0.4811428668940096, "n_estimators": 7.238090340687945, "subsample": 0.2380736522071717}, "datetime": {"datetime": "2020-10-31 19:30:30", "elapsed": 0.0, "delta": 0.0}}
{"target": 0.0662307361452622, "params": {"gamma": 4.784122157297184, "learning_rate": 0.04498423728347134, "max_depth": 8.61577308503917, "min_child_weight": 0.14745656424683012, "n_estimators": 42.01553287685671, "subsample": 0.09867426033793286}, "datetime": {"datetime": "2020-10-31 19:30:30", "elapsed": 0.070108, "delta": 0.070108}}
{"target": 0.3177537970989305, "params": {"gamma": 28.85160011414648, "learning_rate": 0.2548401568543316, "max_depth": 10.081504721533125, "min_child_weight": 0.5857121906377972, "n_estimators": 36.256501170157044, "subsample": 0.3327483201493873}, "datetime": {"datetime": "2020-10-31 19:30:30", "elapsed": 0.282294, "delta": 0.212186}}
{"target": -0.08082196287788693, "params": {"gamma": 12.14994465579399, "learning_rate": 0.14971397775807663, "max_depth": 10.771094639539804, "min_child_weight": 0.4907562686477365, "n_estimators": 9.229405786298095, "subsample": 0.07556482354069954}, "datetime": {"datetime": "2020-10-31 19:30:30", "elapsed": 0.337786, "delta": 0.055492}}
{"target": 0.5578631363231171, "params": {"gamma": 10.413916254504826, "learning_rate": 0.2529795300130641, "max_depth": 4.8142764433875636, "min_child_weight": 0.3436656664053236, "n_estimators": 89.37702442679245, "subsample": 0.9624869193836685}, "datetime": {"datetime": "2020-10-31 19:30:30", "elapsed": 0.95366, "delta": 0.615874}}
{"target": 0.42631122570679275, "params": {"gamma": 12.925880555492945, "learning_rate": 0.11729422015802857, "max_depth": 11.383405290191421, "min_child_weight": 0.13176711667475743, "n_estimators": 81.71026742936458, "subsample": 0.25885865379557804}, "datetime": {"datetime": "2020-10-31 19:30:31", "elapsed": 1.38551, "delta": 0.43185}}
{"target": 0.3846201339541891, "params": {"gamma": 4.59243178519133, "learning_rate": 0.16941121198908418, "max_depth": 10.469215031880228, "min_child_weight": 0.1671809377044703, "n_estimators": 49.102481571628715, "subsample": 0.2864157428015739}, "datetime": {"datetime": "2020-10-31 19:30:31", "elapsed": 1.536138, "delta": 0.150628}}
{"target": 0.1222433326880964, "params": {"gamma": 12.272759718039897, "learning_rate": 0.27638293769680955, "max_depth": 8.645985593340939, "min_child_weight": 0.23649624088184187, "n_estimators": 41.442469286879025, "subsample": 0.259746010194576}, "datetime": {"datetime": "2020-10-31 19:30:31", "elapsed": 1.787881, "delta": 0.251743}}
{"target": 0.5573469905444487, "params": {"gamma": 27.649160891294432, "learning_rate": 0.09233862027226013, "max_depth": 9.887115372254001, "min_child_weight": 0.27888178281867876, "n_estimators": 60.21114139255289, "subsample": 0.5236597993732997}, "datetime": {"datetime": "2020-10-31 19:30:32", "elapsed": 2.275787, "delta": 0.487906}}
{"target": 0.47020279072089366, "params": {"gamma": 30.066578183598782, "learning_rate": 0.10906580707944208, "max_depth": 7.761189876511543, "min_child_weight": 0.018443799436676116, "n_estimators": 30.09615889271596, "subsample": 0.5608146709246846}, "datetime": {"datetime": "2020-10-31 19:30:32", "elapsed": 2.482024, "delta": 0.206237}}
{"target": 0.4573818034763148, "params": {"gamma": 27.47095301088116, "learning_rate": 0.16498524383778523, "max_depth": 10.16038165789043, "min_child_weight": 0.4106518869153464, "n_estimators": 37.05322503920594, "subsample": 0.5330421177049809}, "datetime": {"datetime": "2020-10-31 19:30:32", "elapsed": 2.843844, "delta": 0.36182}}
{"target": 0.31567101072734793, "params": {"gamma": 39.695454108355925, "learning_rate": 0.2818252479482974, "max_depth": 7.619631870167628, "min_child_weight": 0.12932189724661772, "n_estimators": 46.624143818234614, "subsample": 0.4811154223896106}, "datetime": {"datetime": "2020-10-31 19:30:33", "elapsed": 3.235615, "delta": 0.391771}}
{"target": 0.35801584505944717, "params": {"gamma": 21.554965987620726, "learning_rate": 0.14030431417826036, "max_depth": 7.740614542224297, "min_child_weight": 0.19622120487862887, "n_estimators": 39.41518083448538, "subsample": 0.22792211145522379}, "datetime": {"datetime": "2020-10-31 19:30:33", "elapsed": 3.379806, "delta": 0.144191}}
{"target": 0.5462972477271968, "params": {"gamma": 15.776821277981412, "learning_rate": 0.07744037191636076, "max_depth": 11.039191586687807, "min_child_weight": 0.514736445791222, "n_estimators": 89.56555136749601, "subsample": 0.49379741666907445}, "datetime": {"datetime": "2020-10-31 19:30:34", "elapsed": 4.039187, "delta": 0.659381}}
{"target": 0.4745977169729514, "params": {"gamma": 22.7637573731045, "learning_rate": 0.24276649350020582, "max_depth": 10.31950325092997, "min_child_weight": 0.5412006569993253, "n_estimators": 39.22638195171439, "subsample": 0.9976525454884202}, "datetime": {"datetime": "2020-10-31 19:30:34", "elapsed": 4.500559, "delta": 0.461372}}
{"target": 0.5978282438333086, "params": {"gamma": 15.97918999473494, "learning_rate": 0.11277239398985761, "max_depth": 6.074903039273508, "min_child_weight": 0.48603035299303304, "n_estimators": 64.37070588297837, "subsample": 0.7103683323160879}, "datetime": {"datetime": "2020-10-31 19:30:35", "elapsed": 5.192256, "delta": 0.691697}}
{"target": 0.2919597605531533, "params": {"gamma": 18.2974978601589, "learning_rate": 0.058541080256823995, "max_depth": 8.690757479333012, "min_child_weight": 0.2480215552173338, "n_estimators": 13.016727824972527, "subsample": 0.561238584801534}, "datetime": {"datetime": "2020-10-31 19:30:35", "elapsed": 5.282835, "delta": 0.090579}}
{"target": -0.8386950289687096, "params": {"gamma": 33.1519769217284, "learning_rate": 0.2731025035570169, "max_depth": 8.748854383721874, "min_child_weight": 0.26350610092084026, "n_estimators": 52.00823243306345, "subsample": 0.11106593327749807}, "datetime": {"datetime": "2020-10-31 19:30:35", "elapsed": 5.380135, "delta": 0.0973}}
{"target": 0.3697360689195238, "params": {"gamma": 1.6153232698669089, "learning_rate": 0.1656060318737942, "max_depth": 11.141868753884593, "min_child_weight": 0.021343439733818692, "n_estimators": 82.94164998616903, "subsample": 0.256213978151518}, "datetime": {"datetime": "2020-10-31 19:30:35", "elapsed": 5.794966, "delta": 0.414831}}
{"target": 0.28960321213374723, "params": {"gamma": 21.844667959366898, "learning_rate": 0.20832054307224138, "max_depth": 11.565195899693908, "min_child_weight": 0.15056694906758708, "n_estimators": 17.288174027553836, "subsample": 0.31545269957545813}, "datetime": {"datetime": "2020-10-31 19:30:35", "elapsed": 5.923835, "delta": 0.128869}}
{"target": 0.4371312536954865, "params": {"gamma": 27.222287771262753, "learning_rate": 0.21819759453427093, "max_depth": 9.817712471647553, "min_child_weight": 0.22211280308075979, "n_estimators": 17.257647115201557, "subsample": 0.5915661645952843}, "datetime": {"datetime": "2020-10-31 19:30:36", "elapsed": 6.052226, "delta": 0.128391}}
{"target": 0.6109454337353097, "params": {"gamma": 20.187076125803102, "learning_rate": 0.2112431858693288, "max_depth": 3.4761848878530484, "min_child_weight": 0.5678401781102697, "n_estimators": 94.55198555081063, "subsample": 0.9335654698997887}, "datetime": {"datetime": "2020-10-31 19:30:36", "elapsed": 6.510281, "delta": 0.458055}}
{"target": 0.010744051524700348, "params": {"gamma": 32.161799006745596, "learning_rate": 0.1877904914059515, "max_depth": 6.729068077237253, "min_child_weight": 0.4617652111648174, "n_estimators": 5.323374663931854, "subsample": 0.2218563787857265}, "datetime": {"datetime": "2020-10-31 19:30:36", "elapsed": 6.57192, "delta": 0.061639}}
{"target": 0.4517720140662006, "params": {"gamma": 35.67791140888529, "learning_rate": 0.10914347131980486, "max_depth": 11.210743581786275, "min_child_weight": 0.5200218115182434, "n_estimators": 9.873113076067193, "subsample": 0.90031211579883}, "datetime": {"datetime": "2020-10-31 19:30:36", "elapsed": 6.695345, "delta": 0.123425}}
{"target": 0.29025288728642573, "params": {"gamma": 32.03568387717664, "learning_rate": 0.1191397703130991, "max_depth": 11.912375322369604, "min_child_weight": 0.46578834162789307, "n_estimators": 15.148270155814089, "subsample": 0.3537770481415604}, "datetime": {"datetime": "2020-10-31 19:30:36", "elapsed": 6.776737, "delta": 0.081392}}
{"target": 0.1658947133167275, "params": {"gamma": 14.38727871591758, "learning_rate": 0.026418346508959748, "max_depth": 8.157900950895048, "min_child_weight": 0.051566799349621814, "n_estimators": 19.55038469967726, "subsample": 0.37889728338817075}, "datetime": {"datetime": "2020-10-31 19:30:36", "elapsed": 6.865111, "delta": 0.088374}}
{"target": 0.05348925522426371, "params": {"gamma": 36.71835053033425, "learning_rate": 0.10811638408169896, "max_depth": 3.7629237940459577, "min_child_weight": 0.06258326584400893, "n_estimators": 9.272292654040685, "subsample": 0.2302080360624169}, "datetime": {"datetime": "2020-10-31 19:30:36", "elapsed": 6.900571, "delta": 0.03546}}
{"target": -0.26557558335788956, "params": {"gamma": 20.790946947884514, "learning_rate": 0.2496761443501573, "max_depth": 5.087063653947231, "min_child_weight": 0.09869129464704075, "n_estimators": 68.25331731991682, "subsample": 0.1573378881967863}, "datetime": {"datetime": "2020-10-31 19:30:37", "elapsed": 7.047374, "delta": 0.146803}}
{"target": 0.28898031304435917, "params": {"gamma": 20.02059121859454, "learning_rate": 0.11633537524598912, "max_depth": 11.282360410943648, "min_child_weight": 0.1346393679768058, "n_estimators": 61.738244591054965, "subsample": 0.15531490229722816}, "datetime": {"datetime": "2020-10-31 19:30:37", "elapsed": 7.284021, "delta": 0.236647}}
{"target": -0.32851762936196105, "params": {"gamma": 24.11165052616255, "learning_rate": 0.28862220261898286, "max_depth": 5.941874884571073, "min_child_weight": 0.3959437508649811, "n_estimators": 21.20106557959898, "subsample": 0.08543095042013776}, "datetime": {"datetime": "2020-10-31 19:30:37", "elapsed": 7.376384, "delta": 0.092363}}
{"target": 0.4563793386265109, "params": {"gamma": 20.072025050380486, "learning_rate": 0.1610448819405289, "max_depth": 7.1849016746432, "min_child_weight": 0.37481819510239045, "n_estimators": 6.155970281682883, "subsample": 0.7950088539471114}, "datetime": {"datetime": "2020-10-31 19:30:37", "elapsed": 7.474716, "delta": 0.098332}}
{"target": 0.6167256716449123, "params": {"gamma": 29.542683194619148, "learning_rate": 0.24834527295201012, "max_depth": 11.919614776006464, "min_child_weight": 0.1124283575162008, "n_estimators": 12.888759189879, "subsample": 0.7963198514419513}, "datetime": {"datetime": "2020-10-31 19:30:37", "elapsed": 7.617393, "delta": 0.142677}}
{"target": 0.3417305358279522, "params": {"gamma": 21.098665067905024, "learning_rate": 0.1863591058153584, "max_depth": 5.703504068482275, "min_child_weight": 0.3272068654923711, "n_estimators": 72.81338139774971, "subsample": 0.25336065827503385}, "datetime": {"datetime": "2020-10-31 19:30:37", "elapsed": 7.827975, "delta": 0.210582}}
{"target": 0.23790309136689874, "params": {"gamma": 12.081600087502068, "learning_rate": 0.15990593450097465, "max_depth": 8.527786555351422, "min_child_weight": 0.5254641616027989, "n_estimators": 61.759431571888214, "subsample": 0.19787972441650148}, "datetime": {"datetime": "2020-10-31 19:30:38", "elapsed": 8.037657, "delta": 0.209682}}
{"target": 0.3073576106593606, "params": {"gamma": 31.562464958520096, "learning_rate": 0.227834410908149, "max_depth": 11.578191874441396, "min_child_weight": 0.4535490966532451, "n_estimators": 52.03275457142538, "subsample": 0.2727713013471841}, "datetime": {"datetime": "2020-10-31 19:30:38", "elapsed": 8.381175, "delta": 0.343518}}
{"target": 0.36966902820145703, "params": {"gamma": 14.672465541728632, "learning_rate": 0.1497941747037047, "max_depth": 3.8625770613079267, "min_child_weight": 0.39505927026755727, "n_estimators": 28.76413428331489, "subsample": 0.2804104362120086}, "datetime": {"datetime": "2020-10-31 19:30:38", "elapsed": 8.477791, "delta": 0.096616}}
{"target": 0.2785499722473874, "params": {"gamma": 24.39888685256543, "learning_rate": 0.28621271333573484, "max_depth": 6.807816069771664, "min_child_weight": 0.5028602887594812, "n_estimators": 50.858995989132936, "subsample": 0.27635501001478424}, "datetime": {"datetime": "2020-10-31 19:30:38", "elapsed": 8.688861, "delta": 0.21107}}
{"target": 0.5261932009352488, "params": {"gamma": 8.166523196525151, "learning_rate": 0.19149093985247798, "max_depth": 3.8149316906943014, "min_child_weight": 0.598063863996362, "n_estimators": 16.965410968140453, "subsample": 0.6956624942787035}, "datetime": {"datetime": "2020-10-31 19:30:38", "elapsed": 8.783358, "delta": 0.094497}}
{"target": 0.27030553352928355, "params": {"gamma": 3.2691570618626598, "learning_rate": 0.09593031175605214, "max_depth": 3.59932372035695, "min_child_weight": 0.15672202738293076, "n_estimators": 5.720847244137605, "subsample": 0.7334121392388901}, "datetime": {"datetime": "2020-10-31 19:30:38", "elapsed": 8.837947, "delta": 0.054589}}
{"target": 0.46597678135267895, "params": {"gamma": 9.380537243346703, "learning_rate": 0.08681171303224977, "max_depth": 11.61197702077799, "min_child_weight": 0.04996160410611286, "n_estimators": 61.591190500469374, "subsample": 0.39293652149368985}, "datetime": {"datetime": "2020-10-31 19:30:39", "elapsed": 9.202706, "delta": 0.364759}}
{"target": -0.05678942828579316, "params": {"gamma": 38.65870486883888, "learning_rate": 0.2190860046019642, "max_depth": 5.5479858043550125, "min_child_weight": 0.22350015358938666, "n_estimators": 19.26226953091363, "subsample": 0.15660014509727715}, "datetime": {"datetime": "2020-10-31 19:30:39", "elapsed": 9.269874, "delta": 0.067168}}
{"target": 0.5491956557185275, "params": {"gamma": 2.8667188115221234, "learning_rate": 0.170186015383436, "max_depth": 10.798148549887378, "min_child_weight": 0.23971019066765464, "n_estimators": 51.8768855598317, "subsample": 0.5362652632852961}, "datetime": {"datetime": "2020-10-31 19:30:39", "elapsed": 9.728311, "delta": 0.458437}}
{"target": 0.0359658475085131, "params": {"gamma": 28.090560873828686, "learning_rate": 0.2194142606954532, "max_depth": 3.9032257478315215, "min_child_weight": 0.4927586830762567, "n_estimators": 86.34274076990711, "subsample": 0.16977560576517228}, "datetime": {"datetime": "2020-10-31 19:30:39", "elapsed": 9.928966, "delta": 0.200655}}
{"target": 0.4155327416145188, "params": {"gamma": 3.202780677844831, "learning_rate": 0.11496207527921316, "max_depth": 5.222610080933486, "min_child_weight": 0.46091106461121445, "n_estimators": 74.45090477117806, "subsample": 0.4743915008424243}, "datetime": {"datetime": "2020-10-31 19:30:40", "elapsed": 10.273692, "delta": 0.344726}}
{"target": -0.568870370649855, "params": {"gamma": 25.05476444357302, "learning_rate": 0.21891910397833944, "max_depth": 4.158124909821787, "min_child_weight": 0.14627862761969457, "n_estimators": 67.71407505937873, "subsample": 0.11494102731306381}, "datetime": {"datetime": "2020-10-31 19:30:40", "elapsed": 10.392443, "delta": 0.118751}}
{"target": 0.4657269262971034, "params": {"gamma": 18.56303930760667, "learning_rate": 0.1479091282161941, "max_depth": 8.295813441429415, "min_child_weight": 0.17842302620077077, "n_estimators": 71.78358652932542, "subsample": 0.2801558506439273}, "datetime": {"datetime": "2020-10-31 19:30:40", "elapsed": 10.645766, "delta": 0.253323}}
{"target": 0.3884044787930094, "params": {"gamma": 6.883437289370824, "learning_rate": 0.12354344484480849, "max_depth": 5.2766099140854035, "min_child_weight": 0.5172045600588501, "n_estimators": 7.094522957205275, "subsample": 0.7336654162302796}, "datetime": {"datetime": "2020-10-31 19:30:40", "elapsed": 10.703941, "delta": 0.058175}}
{"target": 0.037273514036271285, "params": {"gamma": 35.000997732396534, "learning_rate": 0.011599365478792017, "max_depth": 8.005548562217703, "min_child_weight": 0.3349313742564723, "n_estimators": 69.16288956163064, "subsample": 0.11645230565316876}, "datetime": {"datetime": "2020-10-31 19:30:40", "elapsed": 10.833301, "delta": 0.12936}}
{"target": 0.514213397519286, "params": {"gamma": 1.341884673144664, "learning_rate": 0.2843254747638928, "max_depth": 4.762287974528257, "min_child_weight": 0.4918240742469355, "n_estimators": 78.04059104226108, "subsample": 0.9612210546421506}, "datetime": {"datetime": "2020-10-31 19:30:41", "elapsed": 11.224342, "delta": 0.391041}}
{"target": 0.373181380834945, "params": {"gamma": 19.76562985343065, "learning_rate": 0.15699971750990663, "max_depth": 7.297830711541053, "min_child_weight": 0.4550146714179342, "n_estimators": 12.5561425992516, "subsample": 0.422778465559075}, "datetime": {"datetime": "2020-10-31 19:30:41", "elapsed": 11.328407, "delta": 0.104065}}
{"target": -1.684118875068084, "params": {"gamma": 9.52182501201637, "learning_rate": 0.3, "max_depth": 8.913592205093824, "min_child_weight": 0.6, "n_estimators": 95.66172741784658, "subsample": 0.05}, "datetime": {"datetime": "2020-10-31 19:30:42", "elapsed": 12.003103, "delta": 0.674696}}
{"target": 0.5501325653882977, "params": {"gamma": 29.967332268232852, "learning_rate": 0.1531818876111176, "max_depth": 8.753884276848481, "min_child_weight": 0.02252137824568496, "n_estimators": 14.07286661204092, "subsample": 0.7790456545633738}, "datetime": {"datetime": "2020-10-31 19:30:42", "elapsed": 12.499088, "delta": 0.495985}}
{"target": 0.598221702901973, "params": {"gamma": 0.7567904865135707, "learning_rate": 0.24332515400288307, "max_depth": 3.0, "min_child_weight": 0.43431889741298385, "n_estimators": 99.2707414127344, "subsample": 0.982288463835725}, "datetime": {"datetime": "2020-10-31 19:30:43", "elapsed": 13.514228, "delta": 1.01514}}
{"target": 0.5277023566302997, "params": {"gamma": 30.17743230424668, "learning_rate": 0.2502663717861688, "max_depth": 9.493597124112265, "min_child_weight": 0.4679416717096689, "n_estimators": 15.594685193218261, "subsample": 0.7502547002939958}, "datetime": {"datetime": "2020-10-31 19:30:44", "elapsed": 14.159101, "delta": 0.644873}}
{"target": 0.07031623704721976, "params": {"gamma": 31.500980865343966, "learning_rate": 0.005, "max_depth": 9.125865197634328, "min_child_weight": 0.6, "n_estimators": 14.418145667621062, "subsample": 0.9865889555084408}, "datetime": {"datetime": "2020-10-31 19:30:44", "elapsed": 14.818642, "delta": 0.659541}}
{"target": 0.20544267062476806, "params": {"gamma": 12.29253398151018, "learning_rate": 0.1593340485544067, "max_depth": 9.166112452644736, "min_child_weight": 0.4638492701130133, "n_estimators": 39.97159453646246, "subsample": 0.2097091346315229}, "datetime": {"datetime": "2020-10-31 19:30:45", "elapsed": 15.017416, "delta": 0.198774}}
{"target": 0.4900350083393697, "params": {"gamma": 36.498313665273535, "learning_rate": 0.1017863959677243, "max_depth": 11.613277720688862, "min_child_weight": 0.2541686057389685, "n_estimators": 29.12303024817191, "subsample": 0.6568122822393831}, "datetime": {"datetime": "2020-10-31 19:30:45", "elapsed": 15.557089, "delta": 0.539673}}
{"target": 0.14208491803971202, "params": {"gamma": 35.41555614015372, "learning_rate": 0.005, "max_depth": 11.221547204275398, "min_child_weight": 0.12918694858111268, "n_estimators": 30.279190950244498, "subsample": 1.0}, "datetime": {"datetime": "2020-10-31 19:30:46", "elapsed": 16.353943, "delta": 0.796854}}
{"target": 0.5426898506128124, "params": {"gamma": 3.4133298689995004, "learning_rate": 0.029427824554597578, "max_depth": 5.132931496412676, "min_child_weight": 0.5405326970588998, "n_estimators": 66.57998368767917, "subsample": 0.8744840691885177}, "datetime": {"datetime": "2020-10-31 19:30:47", "elapsed": 17.087856, "delta": 0.733913}}
{"target": 0.5745578776640674, "params": {"gamma": 8.627834504265197, "learning_rate": 0.2467863760536317, "max_depth": 10.23303080006157, "min_child_weight": 0.07731118882127096, "n_estimators": 72.10057867496297, "subsample": 0.7745314153937172}, "datetime": {"datetime": "2020-10-31 19:30:47", "elapsed": 17.993904, "delta": 0.906048}}
{"target": 0.35878758080562034, "params": {"gamma": 35.82091910095965, "learning_rate": 0.06916259109622937, "max_depth": 3.0359582551891977, "min_child_weight": 0.10684895557483687, "n_estimators": 18.315762902012736, "subsample": 0.5208211326812715}, "datetime": {"datetime": "2020-10-31 19:30:48", "elapsed": 18.159646, "delta": 0.165742}}
{"target": 0.4556426502370206, "params": {"gamma": 24.68316415050253, "learning_rate": 0.12177566227384383, "max_depth": 11.42352470012747, "min_child_weight": 0.21027448157923068, "n_estimators": 84.35886169284606, "subsample": 0.43578692831615556}, "datetime": {"datetime": "2020-10-31 19:30:48", "elapsed": 18.83101, "delta": 0.671364}}
{"target": 0.434508483646131, "params": {"gamma": 34.80208128266962, "learning_rate": 0.18512482604566138, "max_depth": 5.830528036109724, "min_child_weight": 0.09212846544735774, "n_estimators": 83.35278347147562, "subsample": 0.5078241473611883}, "datetime": {"datetime": "2020-10-31 19:30:49", "elapsed": 19.42227, "delta": 0.59126}}
{"target": 0.31135298921046034, "params": {"gamma": 30.442950956434043, "learning_rate": 0.29241716007304497, "max_depth": 8.824376658271206, "min_child_weight": 0.43062154841683054, "n_estimators": 14.546092646002617, "subsample": 0.5713440597559344}, "datetime": {"datetime": "2020-10-31 19:30:49", "elapsed": 19.615817, "delta": 0.193547}}
{"target": 0.3736849307971973, "params": {"gamma": 38.74627701052166, "learning_rate": 0.2120345554412681, "max_depth": 7.038520103721472, "min_child_weight": 0.17303943710202233, "n_estimators": 46.38287972716255, "subsample": 0.3243723147052878}, "datetime": {"datetime": "2020-10-31 19:30:49", "elapsed": 19.879613, "delta": 0.263796}}
