{"target": 0.7300000000000001, "params": {"gamma": 9.672308679016021, "learning_rate": 0.062025119678976885, "max_depth": 4.01148342869482, "min_child_weight": 0.04938779278193345, "n_estimators": 75.52944449531226, "subsample": 0.7451832428713178}, "datetime": {"datetime": "2020-10-31 19:30:25", "elapsed": 0.0, "delta": 0.0}}
{"target": 0.78, "params": {"gamma": 3.9060022598234996, "learning_rate": 0.10724270028093999, "max_depth": 9.593125484369544, "min_child_weight": 0.530342862835308, "n_estimators": 25.31058503269541, "subsample": 0.16173820348797735}, "datetime": {"datetime": "2020-10-31 19:30:25", "elapsed": 0.040558, "delta": 0.040558}}
{"target": 0.5, "params": {"gamma": 33.235570335738636, "learning_rate": 0.055396155302803826, "max_depth": 7.669353610179988, "min_child_weight": 0.5217643837743152, "n_estimators": 37.85242628720201, "subsample": 0.6413004531416107}, "datetime": {"datetime": "2020-10-31 19:30:25", "elapsed": 0.121565, "delta": 0.081007}}
{"target": 0.5, "params": {"gamma": 19.331446395260972, "learning_rate": 0.0271884825390549, "max_depth": 9.17528789794765, "min_child_weight": 0.010691236667843005, "n_estimators": 31.60323364027035, "subsample": 0.054106659117545114}, "datetime": {"datetime": "2020-10-31 19:30:25", "elapsed": 0.190025, "delta": 0.06846}}
{"target": 0.5, "params": {"gamma": 28.373302625936386, "learning_rate": 0.1382572610022135, "max_depth": 9.686374694503126, "min_child_weight": 0.27467061937330217, "n_estimators": 19.883110073419086, "subsample": 0.08984773362346492}, "datetime": {"datetime": "2020-10-31 19:30:25", "elapsed": 0.385069, "delta": 0.195044}}
{"target": 0.7799999999999999, "params": {"gamma": 1.6987647024290504, "learning_rate": 0.21493181931582037, "max_depth": 5.111687164650535, "min_child_weight": 0.43732937656116, "n_estimators": 48.00268930390502, "subsample": 0.49602551977111736}, "datetime": {"datetime": "2020-10-31 19:30:26", "elapsed": 0.621729, "delta": 0.23666}}
{"target": 0.5, "params": {"gamma": 38.912713692765664, "learning_rate": 0.27371354953024635, "max_depth": 11.543861141639239, "min_child_weight": 0.037176092623585275, "n_estimators": 64.16473628006656, "subsample": 0.37802265880216573}, "datetime": {"datetime": "2020-10-31 19:30:26", "elapsed": 0.786688, "delta": 0.164959}}
{"target": 0.5, "params": {"gamma": 39.93136400247452, "learning_rate": 0.2909795139266231, "max_depth": 3.438213116439993, "min_child_weight": 0.3194451606950966, "n_estimators": 56.56910395505125, "subsample": 0.43368008523581075}, "datetime": {"datetime": "2020-10-31 19:30:26", "elapsed": 0.911058, "delta": 0.12437}}
{"target": 0.5, "params": {"gamma": 32.71542520466689, "learning_rate": 0.29475616298527363, "max_depth": 6.373060454696208, "min_child_weight": 0.4160791631706214, "n_estimators": 15.585377628475737, "subsample": 0.5616892750215788}, "datetime": {"datetime": "2020-10-31 19:30:26", "elapsed": 1.000082, "delta": 0.089024}}
{"target": 0.77, "params": {"gamma": 10.035382196418634, "learning_rate": 0.05077008082082762, "max_depth": 10.844801714969748, "min_child_weight": 0.024918857867269856, "n_estimators": 93.97522688455753, "subsample": 0.9574280519449374}, "datetime": {"datetime": "2020-10-31 19:30:27", "elapsed": 1.532927, "delta": 0.532845}}
