{"target": 0.5, "params": {"gamma": 25.899558831906088, "learning_rate": 0.006084379826831602, "max_depth": 10.2492565091868, "min_child_weight": 0.5168601080366751, "n_estimators": 69.41536164529202, "subsample": 0.13221208415099073}, "datetime": {"datetime": "2020-10-31 19:28:16", "elapsed": 0.0, "delta": 0.0}}
{"target": 0.8899999999999999, "params": {"gamma": 1.9675140594472091, "learning_rate": 0.046005470920216604, "max_depth": 10.029631266907586, "min_child_weight": 0.18036821319387938, "n_estimators": 33.55800139747704, "subsample": 0.973544077877104}, "datetime": {"datetime": "2020-10-31 19:28:16", "elapsed": 0.107772, "delta": 0.107772}}
{"target": 0.86, "params": {"gamma": 9.924264265485123, "learning_rate": 0.10461051645403867, "max_depth": 10.739265375980068, "min_child_weight": 0.18823617200629816, "n_estimators": 94.07416908657666, "subsample": 0.6452673093976133}, "datetime": {"datetime": "2020-10-31 19:28:16", "elapsed": 0.396059, "delta": 0.288287}}
{"target": 0.89, "params": {"gamma": 3.897623433647305, "learning_rate": 0.1247021553256786, "max_depth": 5.165657405444333, "min_child_weight": 0.4031875579414885, "n_estimators": 66.73580514552998, "subsample": 0.8019305547733471}, "datetime": {"datetime": "2020-10-31 19:28:16", "elapsed": 0.596673, "delta": 0.200614}}
{"target": 0.86, "params": {"gamma": 10.777165429174548, "learning_rate": 0.2777311038593009, "max_depth": 6.189180103913762, "min_child_weight": 0.015059546010135514, "n_estimators": 16.00016329159059, "subsample": 0.6683069121474957}, "datetime": {"datetime": "2020-10-31 19:28:17", "elapsed": 0.648381, "delta": 0.051708}}
{"target": 0.86, "params": {"gamma": 9.952819666232179, "learning_rate": 0.13364973064642693, "max_depth": 6.002130736910768, "min_child_weight": 0.5405247943185598, "n_estimators": 48.527745094908255, "subsample": 0.6758862417439504}, "datetime": {"datetime": "2020-10-31 19:28:17", "elapsed": 0.745739, "delta": 0.097358}}
{"target": 0.86, "params": {"gamma": 11.300429269258672, "learning_rate": 0.04004556511488946, "max_depth": 6.699390078825183, "min_child_weight": 0.364151210528111, "n_estimators": 95.77044984777842, "subsample": 0.16398634284053998}, "datetime": {"datetime": "2020-10-31 19:28:17", "elapsed": 0.96562, "delta": 0.219881}}
{"target": 0.7, "params": {"gamma": 37.68480439646643, "learning_rate": 0.15192063601824815, "max_depth": 7.085450672239698, "min_child_weight": 0.028842284610969535, "n_estimators": 40.998362204810114, "subsample": 0.576122545961429}, "datetime": {"datetime": "2020-10-31 19:28:17", "elapsed": 1.156873, "delta": 0.191253}}
{"target": 0.5, "params": {"gamma": 25.595299123014225, "learning_rate": 0.13062463561033646, "max_depth": 7.262009783599106, "min_child_weight": 0.2757320293130404, "n_estimators": 72.57562350969944, "subsample": 0.14740453748504445}, "datetime": {"datetime": "2020-10-31 19:28:17", "elapsed": 1.271414, "delta": 0.114541}}
{"target": 0.5, "params": {"gamma": 38.36474166882339, "learning_rate": 0.1165722225099056, "max_depth": 3.3358366527758703, "min_child_weight": 0.4647011198647897, "n_estimators": 66.09964594178984, "subsample": 0.3107558557074551}, "datetime": {"datetime": "2020-10-31 19:28:17", "elapsed": 1.382822, "delta": 0.111408}}
{"target": 0.5, "params": {"gamma": 40.0, "learning_rate": 0.3, "max_depth": 12.0, "min_child_weight": 0.6, "n_estimators": 5.0, "subsample": 0.05}, "datetime": {"datetime": "2020-10-31 19:28:17", "elapsed": 1.530309, "delta": 0.147487}}
{"target": 0.9099999999999999, "params": {"gamma": 0.1, "learning_rate": 0.3, "max_depth": 3.0, "min_child_weight": 0.6, "n_estimators": 100.0, "subsample": 1.0}, "datetime": {"datetime": "2020-10-31 19:28:18", "elapsed": 2.117775, "delta": 0.587466}}
{"target": 0.8800000000000001, "params": {"gamma": 0.1, "learning_rate": 0.005, "max_depth": 12.0, "min_child_weight": 0.6, "n_estimators": 5.0, "subsample": 1.0}, "datetime": {"datetime": "2020-10-31 19:28:18", "elapsed": 2.446757, "delta": 0.328982}}
{"target": 0.72, "params": {"gamma": 0.1, "learning_rate": 0.3, "max_depth": 3.0, "min_child_weight": 0.01, "n_estimators": 83.41785220377751, "subsample": 0.05}, "datetime": {"datetime": "2020-10-31 19:28:19", "elapsed": 2.888963, "delta": 0.442206}}
{"target": 0.9, "params": {"gamma": 0.1, "learning_rate": 0.3, "max_depth": 12.0, "min_child_weight": 0.01, "n_estimators": 55.16819943048905, "subsample": 1.0}, "datetime": {"datetime": "2020-10-31 19:28:19", "elapsed": 3.46688, "delta": 0.577917}}
