{"target": 0.8800000000000001, "params": {"gamma": 38.915569377080104, "learning_rate": 0.010848617221335993, "max_depth": 10.13786934570157, "min_child_weight": 0.1278092279107864, "n_estimators": 75.49431239094446, "subsample": 0.8649218333558604}, "datetime": {"datetime": "2020-10-31 19:30:22", "elapsed": 0.0, "delta": 0.0}}
{"target": 0.89, "params": {"gamma": 35.9550082594336, "learning_rate": 0.02689151327998901, "max_depth": 11.416714591066807, "min_child_weight": 0.1914547011647167, "n_estimators": 29.703174275203057, "subsample": 0.8417149293758452}, "datetime": {"datetime": "2020-10-31 19:30:22", "elapsed": 0.092169, "delta": 0.092169}}
{"target": 0.8699999999999999, "params": {"gamma": 30.53335762558243, "learning_rate": 0.12964239063454033, "max_depth": 5.785839747034424, "min_child_weight": 0.22313195081168002, "n_estimators": 76.17120680658778, "subsample": 0.5883657799757005}, "datetime": {"datetime": "2020-10-31 19:30:22", "elapsed": 0.320881, "delta": 0.228712}}
{"target": 0.8800000000000001, "params": {"gamma": 23.288803621125865, "learning_rate": 0.007893293839768634, "max_depth": 5.861463342035919, "min_child_weight": 0.4593927213759125, "n_estimators": 33.1751213518117, "subsample": 0.4953444503819173}, "datetime": {"datetime": "2020-10-31 19:30:23", "elapsed": 0.391185, "delta": 0.070304}}
{"target": 0.78, "params": {"gamma": 29.299929643325704, "learning_rate": 0.07964012192481118, "max_depth": 9.63643989653458, "min_child_weight": 0.12483531836565198, "n_estimators": 52.86246003898845, "subsample": 0.43853325439085966}, "datetime": {"datetime": "2020-10-31 19:30:23", "elapsed": 0.669038, "delta": 0.277853}}
{"target": 0.8600000000000001, "params": {"gamma": 14.127307687686017, "learning_rate": 0.183163134623297, "max_depth": 5.0530204522882896, "min_child_weight": 0.34520575945202947, "n_estimators": 99.46042536601547, "subsample": 0.2556793211650246}, "datetime": {"datetime": "2020-10-31 19:30:23", "elapsed": 0.806714, "delta": 0.137676}}
{"target": 0.8800000000000001, "params": {"gamma": 11.76663921852179, "learning_rate": 0.26470081767981796, "max_depth": 6.175378823608407, "min_child_weight": 0.2117226361184613, "n_estimators": 27.930311376819258, "subsample": 0.9918615644300889}, "datetime": {"datetime": "2020-10-31 19:30:23", "elapsed": 0.881236, "delta": 0.074522}}
{"target": 0.5, "params": {"gamma": 39.03464972444408, "learning_rate": 0.25875909078220505, "max_depth": 6.987477914427027, "min_child_weight": 0.1522414274292092, "n_estimators": 46.12100141741908, "subsample": 0.20978052985463597}, "datetime": {"datetime": "2020-10-31 19:30:23", "elapsed": 0.972395, "delta": 0.091159}}
{"target": 0.8300000000000001, "params": {"gamma": 19.00741121522056, "learning_rate": 0.22474050387004696, "max_depth": 7.40958921752757, "min_child_weight": 0.017811615712181192, "n_estimators": 30.120838967745176, "subsample": 0.3522355344162534}, "datetime": {"datetime": "2020-10-31 19:30:23", "elapsed": 1.090992, "delta": 0.118597}}
{"target": 0.89, "params": {"gamma": 30.547147987497354, "learning_rate": 0.10349955269714914, "max_depth": 9.26385344907404, "min_child_weight": 0.3565203301798846, "n_estimators": 14.670216997769641, "subsample": 0.7962348846843637}, "datetime": {"datetime": "2020-10-31 19:30:23", "elapsed": 1.191204, "delta": 0.100212}}
{"target": 0.8800000000000001, "params": {"gamma": 34.84528174145459, "learning_rate": 0.11895112613555292, "max_depth": 5.721899605523306, "min_child_weight": 0.053432775689736825, "n_estimators": 82.84272658585208, "subsample": 1.0}, "datetime": {"datetime": "2020-10-31 19:30:24", "elapsed": 1.951274, "delta": 0.76007}}
{"target": 0.8600000000000001, "params": {"gamma": 29.99403406867446, "learning_rate": 0.005, "max_depth": 5.02485258385484, "min_child_weight": 0.6, "n_estimators": 23.918611501645735, "subsample": 1.0}, "datetime": {"datetime": "2020-10-31 19:30:25", "elapsed": 2.529644, "delta": 0.57837}}
{"target": 0.6599999999999999, "params": {"gamma": 1.4917838793547573, "learning_rate": 0.28712504520523485, "max_depth": 3.0, "min_child_weight": 0.03268355759401313, "n_estimators": 57.086277365109325, "subsample": 0.05}, "datetime": {"datetime": "2020-10-31 19:30:25", "elapsed": 2.882443, "delta": 0.352799}}
{"target": 0.8899999999999999, "params": {"gamma": 2.0985180319454613, "learning_rate": 0.19457152732552138, "max_depth": 12.0, "min_child_weight": 0.15934416204665605, "n_estimators": 44.816110421134816, "subsample": 1.0}, "datetime": {"datetime": "2020-10-31 19:30:26", "elapsed": 3.618301, "delta": 0.735858}}
{"target": 0.85, "params": {"gamma": 10.136770766138005, "learning_rate": 0.005, "max_depth": 9.147358697398476, "min_child_weight": 0.6, "n_estimators": 38.52614524074177, "subsample": 1.0}, "datetime": {"datetime": "2020-10-31 19:30:26", "elapsed": 4.004384, "delta": 0.386083}}
