{"target": 0.7300000000000001, "params": {"ccp_alpha": 0.09853691767098978, "max_depth": 69.85481167482338, "min_samples_split": 39.68123523002997, "n_estimators": 443.2067421226584}, "datetime": {"datetime": "2020-10-31 19:24:54", "elapsed": 0.0, "delta": 0.0}}
{"target": 0.8, "params": {"ccp_alpha": 0.022244274662295817, "max_depth": 23.943843539636987, "min_samples_split": 10.532866134131961, "n_estimators": 352.7453318418169}, "datetime": {"datetime": "2020-10-31 19:24:56", "elapsed": 1.871202, "delta": 1.871202}}
{"target": 0.76, "params": {"ccp_alpha": 0.05788258665432849, "max_depth": 61.451842783692776, "min_samples_split": 37.61554922838007, "n_estimators": 455.8324736751111}, "datetime": {"datetime": "2020-10-31 19:24:58", "elapsed": 4.258476, "delta": 2.387274}}
{"target": 0.5, "params": {"ccp_alpha": 0.08666378420519849, "max_depth": 66.6096805032466, "min_samples_split": 91.92862897812512, "n_estimators": 196.80791419343183}, "datetime": {"datetime": "2020-10-31 19:25:00", "elapsed": 5.463449, "delta": 1.204973}}
{"target": 0.5, "params": {"ccp_alpha": 0.021315037100846073, "max_depth": 101.96552265686098, "min_samples_split": 91.42088882606075, "n_estimators": 52.36906275571671}, "datetime": {"datetime": "2020-10-31 19:25:00", "elapsed": 5.800935, "delta": 0.337486}}
{"target": 0.5, "params": {"ccp_alpha": 0.01, "max_depth": 20.0, "min_samples_split": 100.0, "n_estimators": 500.0}, "datetime": {"datetime": "2020-10-31 19:25:03", "elapsed": 8.922257, "delta": 3.121322}}
{"target": 0.7700000000000001, "params": {"ccp_alpha": 0.01, "max_depth": 20.0, "min_samples_split": 2.0, "n_estimators": 414.32808662523894}, "datetime": {"datetime": "2020-10-31 19:25:05", "elapsed": 11.335075, "delta": 2.412818}}
{"target": 0.8100000000000002, "params": {"ccp_alpha": 0.0741232650576581, "max_depth": 99.31124717933527, "min_samples_split": 2.0, "n_estimators": 500.0}, "datetime": {"datetime": "2020-10-31 19:25:09", "elapsed": 14.41109, "delta": 3.076015}}
{"target": 0.78, "params": {"ccp_alpha": 0.07406753453032715, "max_depth": 21.807533933534202, "min_samples_split": 2.8617661775197885, "n_estimators": 414.0647832867115}, "datetime": {"datetime": "2020-10-31 19:25:11", "elapsed": 16.584772, "delta": 2.173682}}
{"target": 0.75, "params": {"ccp_alpha": 0.1, "max_depth": 75.18099632797586, "min_samples_split": 2.0, "n_estimators": 376.4645005705358}, "datetime": {"datetime": "2020-10-31 19:25:13", "elapsed": 18.633031, "delta": 2.048259}}
{"target": 0.5, "params": {"ccp_alpha": 0.1, "max_depth": 23.727056086388284, "min_samples_split": 59.458943439662264, "n_estimators": 379.6214365400104}, "datetime": {"datetime": "2020-10-31 19:25:15", "elapsed": 20.697068, "delta": 2.064037}}
{"target": 0.7899999999999999, "params": {"ccp_alpha": 0.1, "max_depth": 57.777716416998864, "min_samples_split": 2.0, "n_estimators": 447.56659494447206}, "datetime": {"datetime": "2020-10-31 19:25:18", "elapsed": 23.428872, "delta": 2.731804}}
{"target": 0.7699999999999999, "params": {"ccp_alpha": 0.1, "max_depth": 41.30706676319147, "min_samples_split": 2.0, "n_estimators": 305.96829248095787}, "datetime": {"datetime": "2020-10-31 19:25:19", "elapsed": 25.286217, "delta": 1.857345}}
{"target": 0.78, "params": {"ccp_alpha": 0.1, "max_depth": 47.54190264218751, "min_samples_split": 2.0, "n_estimators": 500.0}, "datetime": {"datetime": "2020-10-31 19:25:23", "elapsed": 28.426851, "delta": 3.140634}}
{"target": 0.78, "params": {"ccp_alpha": 0.019131092597672386, "max_depth": 99.85492271140544, "min_samples_split": 43.976453541332106, "n_estimators": 498.031630226161}, "datetime": {"datetime": "2020-10-31 19:25:26", "elapsed": 31.46204, "delta": 3.035189}}
