{"target": 0.5, "params": {"ccp_alpha": 0.046819382475753506, "max_depth": 73.15943521026554, "min_samples_split": 71.93616760237394, "n_estimators": 126.22064295958253}, "datetime": {"datetime": "2020-10-31 19:29:52", "elapsed": 0.0, "delta": 0.0}}
{"target": 0.9100000000000001, "params": {"ccp_alpha": 0.03735299971320638, "max_depth": 75.8873629344689, "min_samples_split": 6.932618826245772, "n_estimators": 245.81711273389342}, "datetime": {"datetime": "2020-10-31 19:29:54", "elapsed": 0.0, "delta": 0.0}}
{"target": 0.5, "params": {"ccp_alpha": 0.055201565666724794, "max_depth": 50.57549519440299, "min_samples_split": 87.07944942480466, "n_estimators": 415.7595642743529}, "datetime": {"datetime": "2020-10-31 19:29:55", "elapsed": 2.639897, "delta": 2.639897}}
{"target": 0.71, "params": {"ccp_alpha": 0.09052136480586304, "max_depth": 62.66030097863891, "min_samples_split": 11.757330962989467, "n_estimators": 72.2796965056675}, "datetime": {"datetime": "2020-10-31 19:29:55", "elapsed": 3.192916, "delta": 0.553019}}
{"target": 0.5, "params": {"ccp_alpha": 0.06745059642284784, "max_depth": 86.91399393573857, "min_samples_split": 66.18155850329515, "n_estimators": 283.23853392673243}, "datetime": {"datetime": "2020-10-31 19:29:56", "elapsed": 1.88805, "delta": 1.88805}}
{"target": 0.5, "params": {"ccp_alpha": 0.031085139999174657, "max_depth": 90.3353457500509, "min_samples_split": 82.11418841067837, "n_estimators": 248.79306918752945}, "datetime": {"datetime": "2020-10-31 19:29:57", "elapsed": 4.835704, "delta": 1.642788}}
{"target": 0.9200000000000002, "params": {"ccp_alpha": 0.024570436046118624, "max_depth": 44.202854303196816, "min_samples_split": 7.169202263846817, "n_estimators": 244.48655666663487}, "datetime": {"datetime": "2020-10-31 19:29:58", "elapsed": 3.43734, "delta": 1.54929}}
{"target": 0.9200000000000002, "params": {"ccp_alpha": 0.09306430358171261, "max_depth": 77.82166648446642, "min_samples_split": 41.68694095386376, "n_estimators": 213.3706067745484}, "datetime": {"datetime": "2020-10-31 19:29:59", "elapsed": 4.983811, "delta": 1.546471}}
{"target": 0.77, "params": {"ccp_alpha": 0.08089183913741231, "max_depth": 90.49629274562567, "min_samples_split": 5.189352286066107, "n_estimators": 491.2360500264837}, "datetime": {"datetime": "2020-10-31 19:30:00", "elapsed": 8.159255, "delta": 3.323551}}
{"target": 0.9200000000000002, "params": {"ccp_alpha": 0.02082150324891472, "max_depth": 25.005135306042412, "min_samples_split": 30.748865391514457, "n_estimators": 453.32195991794015}, "datetime": {"datetime": "2020-10-31 19:30:02", "elapsed": 8.040157, "delta": 3.056346}}
{"target": 0.76, "params": {"ccp_alpha": 0.04227212638084347, "max_depth": 88.01116077389788, "min_samples_split": 27.920647406936393, "n_estimators": 270.41259024777827}, "datetime": {"datetime": "2020-10-31 19:30:03", "elapsed": 10.274371, "delta": 2.115116}}
{"target": 0.9199999999999999, "params": {"ccp_alpha": 0.01849210518144509, "max_depth": 34.108408727731685, "min_samples_split": 3.8115063472818624, "n_estimators": 94.31938318711835}, "datetime": {"datetime": "2020-10-31 19:30:03", "elapsed": 8.868297, "delta": 0.82814}}
{"target": 0.7899999999999999, "params": {"ccp_alpha": 0.016028884380177515, "max_depth": 61.473110829234486, "min_samples_split": 38.024974669576075, "n_estimators": 418.7429090682896}, "datetime": {"datetime": "2020-10-31 19:30:06", "elapsed": 13.657696, "delta": 3.383325}}
{"target": 0.5, "params": {"ccp_alpha": 0.04058082747001025, "max_depth": 50.323113654644764, "min_samples_split": 75.6317094585014, "n_estimators": 459.7262597084071}, "datetime": {"datetime": "2020-10-31 19:30:06", "elapsed": 11.886699, "delta": 3.018402}}
{"target": 0.53, "params": {"ccp_alpha": 0.05724924664649645, "max_depth": 101.28153943539404, "min_samples_split": 57.064262110797706, "n_estimators": 121.16663115991983}, "datetime": {"datetime": "2020-10-31 19:30:07", "elapsed": 12.741282, "delta": 0.854583}}
{"target": 0.78, "params": {"ccp_alpha": 0.07493851269367678, "max_depth": 90.95068038547328, "min_samples_split": 9.473767167569799, "n_estimators": 221.54389169521292}, "datetime": {"datetime": "2020-10-31 19:30:08", "elapsed": 15.802725, "delta": 2.145029}}
{"target": 0.5, "params": {"ccp_alpha": 0.09821865498352911, "max_depth": 50.934978202997314, "min_samples_split": 88.05314089806825, "n_estimators": 203.43916314530262}, "datetime": {"datetime": "2020-10-31 19:30:08", "elapsed": 14.266172, "delta": 1.52489}}
{"target": 0.5, "params": {"ccp_alpha": 0.026655925674604418, "max_depth": 27.858721102045937, "min_samples_split": 65.17810392229403, "n_estimators": 296.76605289077}, "datetime": {"datetime": "2020-10-31 19:30:10", "elapsed": 16.242509, "delta": 1.976337}}
{"target": 0.7899999999999999, "params": {"ccp_alpha": 0.1, "max_depth": 20.53618790203636, "min_samples_split": 26.360924250010108, "n_estimators": 433.5866316491805}, "datetime": {"datetime": "2020-10-31 19:30:11", "elapsed": 18.853789, "delta": 3.051064}}
{"target": 0.9200000000000002, "params": {"ccp_alpha": 0.04191261100375945, "max_depth": 72.24467417467653, "min_samples_split": 34.38862505379655, "n_estimators": 241.96744553456807}, "datetime": {"datetime": "2020-10-31 19:30:13", "elapsed": 18.624848, "delta": 2.382339}}
{"target": 0.79, "params": {"ccp_alpha": 0.01, "max_depth": 76.31015551944243, "min_samples_split": 2.0, "n_estimators": 191.55966092097367}, "datetime": {"datetime": "2020-10-31 19:30:13", "elapsed": 21.086591, "delta": 2.232802}}
{"target": 0.9100000000000001, "params": {"ccp_alpha": 0.01, "max_depth": 78.42800041752311, "min_samples_split": 23.937809332187207, "n_estimators": 267.1275069025282}, "datetime": {"datetime": "2020-10-31 19:30:15", "elapsed": 21.166044, "delta": 2.541196}}
{"target": 0.77, "params": {"ccp_alpha": 0.017248605333694857, "max_depth": 70.03772093681626, "min_samples_split": 50.88045978905264, "n_estimators": 283.5290010240273}, "datetime": {"datetime": "2020-10-31 19:30:16", "elapsed": 23.657291, "delta": 2.5707}}
{"target": 0.9099999999999999, "params": {"ccp_alpha": 0.01, "max_depth": 97.64509523993891, "min_samples_split": 35.744226282384446, "n_estimators": 246.51455170170792}, "datetime": {"datetime": "2020-10-31 19:30:18", "elapsed": 23.949948, "delta": 2.783904}}
{"target": 0.79, "params": {"ccp_alpha": 0.010526087547043523, "max_depth": 63.45228223811932, "min_samples_split": 40.18996011700527, "n_estimators": 249.33426337840336}, "datetime": {"datetime": "2020-10-31 19:30:18", "elapsed": 26.093354, "delta": 2.436063}}
{"target": 0.9199999999999999, "params": {"ccp_alpha": 0.1, "max_depth": 86.6506454452965, "min_samples_split": 17.005385835456423, "n_estimators": 223.2731354584698}, "datetime": {"datetime": "2020-10-31 19:30:20", "elapsed": 26.047634, "delta": 2.097686}}
{"target": 0.75, "params": {"ccp_alpha": 0.018127966465333694, "max_depth": 105.0, "min_samples_split": 2.0, "n_estimators": 176.91267928661674}, "datetime": {"datetime": "2020-10-31 19:30:20", "elapsed": 28.032323, "delta": 1.938969}}
{"target": 0.9099999999999999, "params": {"ccp_alpha": 0.0945131618467653, "max_depth": 60.1506823848482, "min_samples_split": 7.4423350450261285, "n_estimators": 87.21867638373523}, "datetime": {"datetime": "2020-10-31 19:30:21", "elapsed": 27.244784, "delta": 1.19715}}
{"target": 0.78, "params": {"ccp_alpha": 0.0496328335407096, "max_depth": 28.709906789051217, "min_samples_split": 13.97159876439019, "n_estimators": 128.10767670374645}, "datetime": {"datetime": "2020-10-31 19:30:22", "elapsed": 29.391753, "delta": 1.35943}}
{"target": 0.55, "params": {"ccp_alpha": 0.1, "max_depth": 20.0, "min_samples_split": 57.83600050062138, "n_estimators": 227.2524732929505}, "datetime": {"datetime": "2020-10-31 19:30:24", "elapsed": 31.268952, "delta": 1.877199}}
