{"target": 0.78, "params": {"ccp_alpha": 0.07372664836955643, "max_depth": 97.18589909572212, "min_samples_split": 24.95641682100476, "n_estimators": 195.18729324655627}, "datetime": {"datetime": "2020-10-31 19:27:48", "elapsed": 0.0, "delta": 0.0}}
{"target": 0.8699999999999999, "params": {"ccp_alpha": 0.08449674825207602, "max_depth": 32.3424420795489, "min_samples_split": 16.616105079003834, "n_estimators": 104.06889418449535}, "datetime": {"datetime": "2020-10-31 19:27:48", "elapsed": 0.0, "delta": 0.0}}
{"target": 0.5, "params": {"ccp_alpha": 0.0941263269387257, "max_depth": 91.10316186214396, "min_samples_split": 79.73720325358173, "n_estimators": 42.44181641237441}, "datetime": {"datetime": "2020-10-31 19:27:48", "elapsed": 0.316844, "delta": 0.316844}}
{"target": 0.8899999999999999, "params": {"ccp_alpha": 0.045066707080770006, "max_depth": 98.26161700634198, "min_samples_split": 4.828979491547852, "n_estimators": 197.97357192573347}, "datetime": {"datetime": "2020-10-31 19:27:50", "elapsed": 1.63512, "delta": 1.318276}}
{"target": 0.79, "params": {"ccp_alpha": 0.039052279491428095, "max_depth": 37.52398036661104, "min_samples_split": 13.64034685103331, "n_estimators": 370.2750338798829}, "datetime": {"datetime": "2020-10-31 19:27:50", "elapsed": 1.948145, "delta": 1.948145}}
{"target": 0.89, "params": {"ccp_alpha": 0.052333966474463, "max_depth": 31.16605148042035, "min_samples_split": 46.228065200527034, "n_estimators": 208.8419356336835}, "datetime": {"datetime": "2020-10-31 19:27:51", "elapsed": 3.022709, "delta": 1.387589}}
{"target": 0.5, "params": {"ccp_alpha": 0.02834536767751658, "max_depth": 79.35724225294314, "min_samples_split": 87.8579759602909, "n_estimators": 457.03447618021846}, "datetime": {"datetime": "2020-10-31 19:27:52", "elapsed": 4.559609, "delta": 2.611464}}
{"target": 0.79, "params": {"ccp_alpha": 0.0740608353461234, "max_depth": 62.429201670176376, "min_samples_split": 11.88637800005737, "n_estimators": 51.7111692852521}, "datetime": {"datetime": "2020-10-31 19:27:53", "elapsed": 4.992989, "delta": 0.43338}}
{"target": 0.9, "params": {"ccp_alpha": 0.044302510261202896, "max_depth": 69.0840190164254, "min_samples_split": 50.58531313586714, "n_estimators": 435.48156745553035}, "datetime": {"datetime": "2020-10-31 19:27:54", "elapsed": 5.760771, "delta": 2.738062}}
{"target": 0.5, "params": {"ccp_alpha": 0.037093756039729565, "max_depth": 65.57807245724455, "min_samples_split": 87.29247926044876, "n_estimators": 72.11929411912845}, "datetime": {"datetime": "2020-10-31 19:27:55", "elapsed": 6.39241, "delta": 0.631639}}
{"target": 0.5, "params": {"ccp_alpha": 0.08451990302892753, "max_depth": 27.646629720648775, "min_samples_split": 96.14350195883175, "n_estimators": 37.66139957987642}, "datetime": {"datetime": "2020-10-31 19:27:55", "elapsed": 6.694562, "delta": 0.302152}}
{"target": 0.5, "params": {"ccp_alpha": 0.040031750854884966, "max_depth": 35.63401443925063, "min_samples_split": 68.91185014180068, "n_estimators": 443.87510490818255}, "datetime": {"datetime": "2020-10-31 19:27:56", "elapsed": 7.725549, "delta": 2.73256}}
{"target": 0.74, "params": {"ccp_alpha": 0.1, "max_depth": 74.13954259003084, "min_samples_split": 2.0, "n_estimators": 127.02246609993662}, "datetime": {"datetime": "2020-10-31 19:27:57", "elapsed": 8.935326, "delta": 1.209777}}
{"target": 0.5900000000000001, "params": {"ccp_alpha": 0.0900383929397542, "max_depth": 42.00939713827378, "min_samples_split": 59.9894650361678, "n_estimators": 425.8401314391918}, "datetime": {"datetime": "2020-10-31 19:27:58", "elapsed": 9.572239, "delta": 2.877677}}
{"target": 0.8800000000000001, "params": {"ccp_alpha": 0.019076093590254323, "max_depth": 82.42035960175735, "min_samples_split": 50.16345341130264, "n_estimators": 264.5989444425603}, "datetime": {"datetime": "2020-10-31 19:28:00", "elapsed": 11.50809, "delta": 1.935851}}
{"target": 0.82, "params": {"ccp_alpha": 0.1, "max_depth": 105.0, "min_samples_split": 2.0, "n_estimators": 253.99017211750794}, "datetime": {"datetime": "2020-10-31 19:28:00", "elapsed": 11.712724, "delta": 2.777398}}
{"target": 0.72, "params": {"ccp_alpha": 0.1, "max_depth": 20.0, "min_samples_split": 2.0, "n_estimators": 20.0}, "datetime": {"datetime": "2020-10-31 19:28:00", "elapsed": 12.387786, "delta": 0.675062}}
{"target": 0.8699999999999999, "params": {"ccp_alpha": 0.09596012133400035, "max_depth": 27.849316893955532, "min_samples_split": 41.62431723560977, "n_estimators": 418.6041872828071}, "datetime": {"datetime": "2020-10-31 19:28:02", "elapsed": 14.277963, "delta": 2.769873}}
{"target": 0.79, "params": {"ccp_alpha": 0.01, "max_depth": 46.320406021758, "min_samples_split": 2.0, "n_estimators": 225.78818953393073}, "datetime": {"datetime": "2020-10-31 19:28:02", "elapsed": 14.526186, "delta": 2.1384}}
{"target": 0.76, "params": {"ccp_alpha": 0.01, "max_depth": 20.0, "min_samples_split": 2.0, "n_estimators": 93.632090597332}, "datetime": {"datetime": "2020-10-31 19:28:04", "elapsed": 15.685357, "delta": 1.159171}}
{"target": 0.8099999999999999, "params": {"ccp_alpha": 0.1, "max_depth": 105.0, "min_samples_split": 47.10196452943273, "n_estimators": 292.0076714524071}, "datetime": {"datetime": "2020-10-31 19:28:06", "elapsed": 17.890003, "delta": 2.204646}}
{"target": 0.5, "params": {"ccp_alpha": 0.01, "max_depth": 82.32437164338796, "min_samples_split": 62.87027185884405, "n_estimators": 430.63610695432385}, "datetime": {"datetime": "2020-10-31 19:28:06", "elapsed": 17.735174, "delta": 3.457211}}
{"target": 0.75, "params": {"ccp_alpha": 0.01, "max_depth": 105.0, "min_samples_split": 2.0, "n_estimators": 20.0}, "datetime": {"datetime": "2020-10-31 19:28:06", "elapsed": 18.296188, "delta": 0.406185}}
{"target": 0.8800000000000001, "params": {"ccp_alpha": 0.0625805074310915, "max_depth": 34.96124132360165, "min_samples_split": 40.3531249121697, "n_estimators": 219.1441037621208}, "datetime": {"datetime": "2020-10-31 19:28:08", "elapsed": 19.827406, "delta": 2.092232}}
{"target": 0.7700000000000001, "params": {"ccp_alpha": 0.1, "max_depth": 105.0, "min_samples_split": 2.0, "n_estimators": 310.18471399666953}, "datetime": {"datetime": "2020-10-31 19:28:09", "elapsed": 20.579685, "delta": 2.283497}}
{"target": 0.86, "params": {"ccp_alpha": 0.1, "max_depth": 37.02985915320704, "min_samples_split": 32.93787845440558, "n_estimators": 205.79265824817122}, "datetime": {"datetime": "2020-10-31 19:28:10", "elapsed": 21.719785, "delta": 1.892379}}
{"target": 0.78, "params": {"ccp_alpha": 0.04816601629990191, "max_depth": 21.095320745879516, "min_samples_split": 5.744563578188338, "n_estimators": 165.01868390372306}, "datetime": {"datetime": "2020-10-31 19:28:10", "elapsed": 22.321282, "delta": 1.741597}}
{"target": 0.8699999999999999, "params": {"ccp_alpha": 0.09063233983800394, "max_depth": 20.219002677376714, "min_samples_split": 34.7904494024065, "n_estimators": 212.84015016063495}, "datetime": {"datetime": "2020-10-31 19:28:12", "elapsed": 23.781195, "delta": 2.06141}}
{"target": 0.5, "params": {"ccp_alpha": 0.01, "max_depth": 105.0, "min_samples_split": 100.0, "n_estimators": 309.3609195314329}, "datetime": {"datetime": "2020-10-31 19:28:12", "elapsed": 24.519229, "delta": 2.197947}}
{"target": 0.89, "params": {"ccp_alpha": 0.07665569175233294, "max_depth": 36.82559674288572, "min_samples_split": 24.317225918592335, "n_estimators": 419.6081976164486}, "datetime": {"datetime": "2020-10-31 19:28:15", "elapsed": 26.865645, "delta": 3.08445}}
