{"target": 0.5716850617073271, "params": {"ccp_alpha": 0.04936280676775472, "max_depth": 93.99829742569635, "min_samples_split": 51.520644337399546, "n_estimators": 139.95950458322557}, "datetime": {"datetime": "2020-10-31 19:30:51", "elapsed": 0.0, "delta": 0.0}}
{"target": 0.5751333375693961, "params": {"ccp_alpha": 0.09368318105483797, "max_depth": 21.17587897343689, "min_samples_split": 61.29192955359308, "n_estimators": 494.41352454868525}, "datetime": {"datetime": "2020-10-31 19:30:54", "elapsed": 3.263329, "delta": 3.263329}}
{"target": 0.5731492105852691, "params": {"ccp_alpha": 0.04967109592150047, "max_depth": 94.28854287454365, "min_samples_split": 99.01235393131488, "n_estimators": 35.06573024540241}, "datetime": {"datetime": "2020-10-31 19:30:54", "elapsed": 3.563492, "delta": 0.300163}}
{"target": 0.5751333375693961, "params": {"ccp_alpha": 0.06961472481893571, "max_depth": 91.81488075484756, "min_samples_split": 47.954478380397134, "n_estimators": 430.65242217356024}, "datetime": {"datetime": "2020-10-31 19:30:57", "elapsed": 6.135368, "delta": 2.571876}}
{"target": 0.5751333375693961, "params": {"ccp_alpha": 0.014572953305588686, "max_depth": 62.70127185573879, "min_samples_split": 79.68833471731244, "n_estimators": 327.3580781795305}, "datetime": {"datetime": "2020-10-31 19:30:59", "elapsed": 7.974431, "delta": 1.839063}}
{"target": 0.5751333375693961, "params": {"ccp_alpha": 0.04715699729652699, "max_depth": 36.53866685517633, "min_samples_split": 72.12473119777485, "n_estimators": 331.64300441826015}, "datetime": {"datetime": "2020-10-31 19:31:01", "elapsed": 10.054929, "delta": 2.080498}}
{"target": 0.5955098999424187, "params": {"ccp_alpha": 0.0280338821906947, "max_depth": 30.21752741294985, "min_samples_split": 47.06510130319713, "n_estimators": 317.970334151721}, "datetime": {"datetime": "2020-10-31 19:31:03", "elapsed": 11.956049, "delta": 1.90112}}
{"target": 0.5751333375693961, "params": {"ccp_alpha": 0.019753485759648304, "max_depth": 46.309783805876535, "min_samples_split": 84.12092198237742, "n_estimators": 132.25054171642836}, "datetime": {"datetime": "2020-10-31 19:31:04", "elapsed": 12.75214, "delta": 0.796091}}
{"target": 0.5751333375693961, "params": {"ccp_alpha": 0.07910035868754187, "max_depth": 40.89544753703165, "min_samples_split": 66.20187230897939, "n_estimators": 417.1360032882515}, "datetime": {"datetime": "2020-10-31 19:31:06", "elapsed": 15.075756, "delta": 2.323616}}
{"target": 0.5761869774161394, "params": {"ccp_alpha": 0.05214808030940161, "max_depth": 85.7017531527791, "min_samples_split": 17.002358085312427, "n_estimators": 23.555514745444857}, "datetime": {"datetime": "2020-10-31 19:31:06", "elapsed": 15.255854, "delta": 0.180098}}
{"target": 0.5751333375693961, "params": {"ccp_alpha": 0.06895904266566145, "max_depth": 96.99781557616203, "min_samples_split": 98.15286590784915, "n_estimators": 173.16780824478454}, "datetime": {"datetime": "2020-10-31 19:31:07", "elapsed": 16.346285, "delta": 1.090431}}
{"target": 0.5701593364747054, "params": {"ccp_alpha": 0.04548392357265502, "max_depth": 63.33187781516446, "min_samples_split": 27.808687442231086, "n_estimators": 29.743468285027834}, "datetime": {"datetime": "2020-10-31 19:31:08", "elapsed": 16.616296, "delta": 0.270011}}
{"target": 0.5751333375693961, "params": {"ccp_alpha": 0.015313520558391898, "max_depth": 84.47756709145585, "min_samples_split": 64.66467787638867, "n_estimators": 479.8287521556105}, "datetime": {"datetime": "2020-10-31 19:31:10", "elapsed": 19.398851, "delta": 2.782555}}
{"target": 0.6173404983242519, "params": {"ccp_alpha": 0.02481611552211213, "max_depth": 104.06514852520849, "min_samples_split": 9.874346369950905, "n_estimators": 38.64511995799498}, "datetime": {"datetime": "2020-10-31 19:31:11", "elapsed": 19.824582, "delta": 0.425731}}
{"target": 0.5751333375693961, "params": {"ccp_alpha": 0.05806537162557896, "max_depth": 39.74017956845279, "min_samples_split": 82.95934879333632, "n_estimators": 321.30719048380695}, "datetime": {"datetime": "2020-10-31 19:31:13", "elapsed": 21.68835, "delta": 1.863768}}
{"target": 0.5751333375693961, "params": {"ccp_alpha": 0.03576628941677955, "max_depth": 92.5765704036348, "min_samples_split": 86.69839750289809, "n_estimators": 382.2070809366404}, "datetime": {"datetime": "2020-10-31 19:31:15", "elapsed": 23.913044, "delta": 2.224694}}
{"target": 0.5751333375693961, "params": {"ccp_alpha": 0.026094933694835162, "max_depth": 24.002311718421712, "min_samples_split": 67.26161542761645, "n_estimators": 125.00418482956661}, "datetime": {"datetime": "2020-10-31 19:31:16", "elapsed": 24.67075, "delta": 0.757706}}
{"target": 0.5751333375693961, "params": {"ccp_alpha": 0.0801666906070878, "max_depth": 22.458489994129177, "min_samples_split": 67.87010587989141, "n_estimators": 471.42839641243}, "datetime": {"datetime": "2020-10-31 19:31:18", "elapsed": 27.400733, "delta": 2.729983}}
{"target": 0.5751333375693961, "params": {"ccp_alpha": 0.06015037030202454, "max_depth": 21.631762237398465, "min_samples_split": 5.639025531683708, "n_estimators": 332.6955641251043}, "datetime": {"datetime": "2020-10-31 19:31:20", "elapsed": 29.397901, "delta": 1.997168}}
{"target": 0.5751333375693961, "params": {"ccp_alpha": 0.042667653907767576, "max_depth": 85.52660454758355, "min_samples_split": 92.01097095605634, "n_estimators": 458.85271533453977}, "datetime": {"datetime": "2020-10-31 19:31:23", "elapsed": 31.977623, "delta": 2.579722}}
{"target": 0.6504333017766439, "params": {"ccp_alpha": 0.01, "max_depth": 58.50494209936261, "min_samples_split": 9.415532414079866, "n_estimators": 266.6591742259549}, "datetime": {"datetime": "2020-10-31 19:31:25", "elapsed": 33.872743, "delta": 1.89512}}
{"target": 0.6278541608338659, "params": {"ccp_alpha": 0.01, "max_depth": 68.25431514213028, "min_samples_split": 24.280711725902755, "n_estimators": 223.4924050801462}, "datetime": {"datetime": "2020-10-31 19:31:26", "elapsed": 35.173755, "delta": 1.301012}}
{"target": 0.5751333375693961, "params": {"ccp_alpha": 0.1, "max_depth": 91.79517419900078, "min_samples_split": 34.660189708084154, "n_estimators": 227.08799295561795}, "datetime": {"datetime": "2020-10-31 19:31:27", "elapsed": 36.503514, "delta": 1.329759}}
{"target": 0.6074649008783168, "params": {"ccp_alpha": 0.03341556197935446, "max_depth": 83.4459713191734, "min_samples_split": 32.67555575556766, "n_estimators": 254.36809744637165}, "datetime": {"datetime": "2020-10-31 19:31:29", "elapsed": 37.958894, "delta": 1.45538}}
{"target": 0.5751333375693961, "params": {"ccp_alpha": 0.08225973630945006, "max_depth": 47.55225782478204, "min_samples_split": 9.068501358054602, "n_estimators": 95.60336522871269}, "datetime": {"datetime": "2020-10-31 19:31:30", "elapsed": 38.737603, "delta": 0.778709}}
{"target": 0.5751333375693961, "params": {"ccp_alpha": 0.1, "max_depth": 82.71327703558168, "min_samples_split": 14.172571562619883, "n_estimators": 236.21128947964573}, "datetime": {"datetime": "2020-10-31 19:31:31", "elapsed": 40.069583, "delta": 1.33198}}
{"target": 0.5751333375693961, "params": {"ccp_alpha": 0.07806414039276971, "max_depth": 74.85379531862375, "min_samples_split": 12.134609550002235, "n_estimators": 256.8917166341355}, "datetime": {"datetime": "2020-10-31 19:31:32", "elapsed": 41.461019, "delta": 1.391436}}
{"target": 0.6445258501034081, "params": {"ccp_alpha": 0.02913287461528148, "max_depth": 29.624277537628686, "min_samples_split": 7.036193614948096, "n_estimators": 98.59073341355823}, "datetime": {"datetime": "2020-10-31 19:31:33", "elapsed": 42.310571, "delta": 0.849552}}
{"target": 0.6137249668155869, "params": {"ccp_alpha": 0.02655378749577053, "max_depth": 26.87450270529297, "min_samples_split": 39.863392891851426, "n_estimators": 212.27343982720396}, "datetime": {"datetime": "2020-10-31 19:31:34", "elapsed": 43.462315, "delta": 1.151744}}
{"target": 0.5751333375693961, "params": {"ccp_alpha": 0.07732535060558916, "max_depth": 79.98350449632724, "min_samples_split": 24.694942137414856, "n_estimators": 271.5328853068909}, "datetime": {"datetime": "2020-10-31 19:31:35", "elapsed": 44.536563, "delta": 1.074248}}
